2025-02-28T12:39:37.018Z [INFO]: Fetching users for league ID: mpg_league_1
2025-02-28T12:39:58.207Z [INFO]: Fetching users for league ID: mpg_league_1
2025-02-28T12:53:32.312Z [INFO]: League created successfully with ID: league123
2025-02-28T12:54:00.248Z [INFO]: Fetching users for league ID: league123
2025-02-28T13:04:57.776Z [ERROR]: Error creating league: document exists
2025-02-28T13:05:12.036Z [INFO]: League created successfully with ID: league1234
2025-02-28T13:06:16.481Z [INFO]: Updating team name for ID: team789
2025-02-28T13:06:16.554Z [ERROR]: Error updating team name: Impossible de mettre à jour le nom de l'équipe
2025-02-28T13:07:09.206Z [INFO]: Updating team name for ID: mpg_team_1_1
2025-02-28T15:07:29.682Z [INFO]: Updating team name for ID: mpg_team_1_1
2025-02-28T15:07:29.842Z [ERROR]: Error updating team name: authentication failure
2025-02-28T15:07:29.854Z [ERROR]: Error updating team name: Impossible de mettre à jour le nom de l'équipe
2025-02-28T15:26:09.314Z [INFO]: Fetching users for league ID: mpg_league_1
2025-02-28T15:26:09.398Z [ERROR]: Error retrieving users: authentication failure
2025-02-28T15:28:12.826Z [INFO]: Fetching users for league ID: mpg_league_1
2025-02-28T15:28:12.899Z [INFO]: Retrieved 2 users for league: mpg_league_1
2025-02-28T15:28:58.732Z [INFO]: Fetching users for league ID: mpg_league_1
2025-02-28T15:28:58.738Z [INFO]: Retrieved 2 users for league: mpg_league_1
2025-02-28T15:30:47.790Z [INFO]: Updating team name for ID: mpg_team_1_1
2025-02-28T15:30:47.802Z [ERROR]: Error updating team name: Team ID and new name are required
2025-02-28T15:32:35.625Z [INFO]: Updating team name for ID: mpg_team_1_1
2025-02-28T15:32:35.709Z [INFO]: Team name updated successfully for ID: mpg_team_1_1
2025-02-28T15:32:41.897Z [INFO]: Fetching users for league ID: mpg_league_1
2025-02-28T15:32:41.905Z [INFO]: Retrieved 2 users for league: mpg_league_1
2025-02-28T15:33:03.313Z [INFO]: League created successfully with ID: mpg_league_4
2025-02-28T16:08:18.509Z [INFO]: Fetching users for league ID: mpg_league_1
2025-02-28T16:08:28.539Z [ERROR]: Error retrieving users: unambiguous timeout
2025-02-28T16:08:32.808Z [INFO]: Fetching users for league ID: mpg_league_1
2025-02-28T16:08:42.812Z [ERROR]: Error retrieving users: unambiguous timeout
2025-02-28T16:15:20.759Z [INFO]: Fetching users for league ID: mpg_league_1
2025-02-28T16:15:20.863Z [INFO]: Retrieved 2 users for league: mpg_league_1
2025-02-28T16:15:32.010Z [INFO]: League created successfully with ID: mpg_league_4
